{
  "stats": {
    "suites": 1,
    "tests": 1,
    "passes": 1,
    "pending": 0,
    "failures": 0,
    "start": "2025-03-13T12:11:30.923Z",
    "end": "2025-03-13T12:11:35.495Z",
    "duration": 4572,
    "testsRegistered": 1,
    "passPercent": 100,
    "pendingPercent": 0,
    "other": 0,
    "hasOther": false,
    "skipped": 0,
    "hasSkipped": false
  },
  "results": [
    {
      "uuid": "d77bb473-b1d5-46cf-9e44-986b7431b8cd",
      "title": "",
      "fullFile": "cypress\\e2e\\login\\login_email_invalido.cy.js",
      "file": "cypress\\e2e\\login\\login_email_invalido.cy.js",
      "beforeHooks": [],
      "afterHooks": [],
      "tests": [],
      "suites": [
        {
          "uuid": "52d6f622-8819-4af0-9a19-5386a94854fc",
          "title": "Login - Validação de E-mail Inválido",
          "fullFile": "",
          "file": "",
          "beforeHooks": [],
          "afterHooks": [],
          "tests": [
            {
              "title": "LG.1 - Deve exibir mensagem de erro com e-mail inválido",
              "fullTitle": "Login - Validação de E-mail Inválido LG.1 - Deve exibir mensagem de erro com e-mail inválido",
              "timedOut": null,
              "duration": 2064,
              "state": "passed",
              "speed": "fast",
              "pass": true,
              "fail": false,
              "pending": false,
              "context": null,
              "code": "const emailInvalido = 'email_invalido.com';\ncy.get(elements_login.login.email).type(emailInvalido, {\n  force: true\n});\ncy.get(elements_login.login.acessarBtn).click({\n  force: true\n});\ncy.get(elements_login.login.mensagemErroEmail).should('contain.text', 'Formato inválido');",
              "err": {},
              "uuid": "409ef838-aec5-4eaa-a902-f2f548605500",
              "parentUUID": "52d6f622-8819-4af0-9a19-5386a94854fc",
              "isHook": false,
              "skipped": false
            }
          ],
          "suites": [],
          "passes": [
            "409ef838-aec5-4eaa-a902-f2f548605500"
          ],
          "failures": [],
          "pending": [],
          "skipped": [],
          "duration": 2064,
          "root": false,
          "rootEmpty": false,
          "_timeout": 2000
        }
      ],
      "passes": [],
      "failures": [],
      "pending": [],
      "skipped": [],
      "duration": 0,
      "root": true,
      "rootEmpty": true,
      "_timeout": 2000
    }
  ],
  "meta": {
    "mocha": {
      "version": "7.0.1"
    },
    "mochawesome": {
      "options": {
        "quiet": false,
        "reportFilename": "mochawesome",
        "saveHtml": true,
        "saveJson": true,
        "consoleReporter": "spec",
        "useInlineDiffs": false,
        "code": true
      },
      "version": "7.1.3"
    },
    "marge": {
      "options": {
        "reportDir": "cypress/reports",
        "overwrite": true,
        "html": true,
        "json": true,
        "autoMerge": false,
        "saveAllAttempts": false
      },
      "version": "6.2.0"
    }
  }
}